<?xml version="1.0" encoding="UTF-8"?>
<robot generator="Robot 7.0 (Python 3.12.3 on win32)" generated="2024-06-17T09:06:01.799839" rpa="false" schemaversion="5">
<suite id="s1" name="Calcular Frete" source="c:\QAx\projects\Testes_bugbank_Robot\Testes_Correios\Calcular_Frete.robot">
<test id="s1-t1" name="Caso de teste 1 - Validar se a pagina esta online" line="10">
<kw name="New Browser" owner="Browser">
<msg time="2024-06-17T09:06:05.051040" level="INFO">{"browser": "chromium", "headless": false, "chromiumSandbox": false, "devtools": false, "handleSIGHUP": true, "handleSIGINT": true, "handleSIGTERM": true, "slowMo": 0.0, "timeout": 30000.0, "tracesDir": "C:\\QAx\\projects\\Testes_bugbank_Robot\\browser\\traces\\9ec7dc0e-dc03-419a-a634-657b21f4be48"}</msg>
<msg time="2024-06-17T09:06:05.909234" level="INFO">Successfully created browser with options: {"browser":"chromium","headless":false,"chromiumSandbox":false,"devtools":false,"handleSIGHUP":true,"handleSIGINT":true,"handleSIGTERM":true,"slowMo":0,"timeout":30000,"tracesDir":"C:\\QAx\\projects\\Testes_bugbank_Robot\\browser\\traces\\9ec7dc0e-dc03-419a-a634-657b21f4be48"}</msg>
<arg>browser=chromium</arg>
<arg>headless=false</arg>
<tag>BrowserControl</tag>
<tag>Setter</tag>
<doc>Create a new playwright Browser with specified options.</doc>
<status status="PASS" start="2024-06-17T09:06:05.051040" elapsed="0.858194"/>
</kw>
<kw name="New Page" owner="Browser">
<msg time="2024-06-17T09:06:14.281528" level="INFO">Successfully initialized new page object and opened url: https://www.correios.com.br/</msg>
<msg time="2024-06-17T09:06:14.281528" level="INFO">No context was open. New context was automatically opened when this page is created.</msg>
<arg>https://www.correios.com.br/</arg>
<tag>BrowserControl</tag>
<tag>Setter</tag>
<doc>Open a new Page.</doc>
<status status="PASS" start="2024-06-17T09:06:06.178219" elapsed="8.103309"/>
</kw>
<kw name="Wait For Elements State" owner="Browser">
<msg time="2024-06-17T09:06:14.495049" level="INFO">Waited for Element with selector xpath=//h1 at state visible</msg>
<arg>xpath=//h1</arg>
<arg>visible</arg>
<arg>3</arg>
<tag>PageContent</tag>
<tag>Wait</tag>
<doc>Waits for the element found by ``selector`` to satisfy state option.</doc>
<status status="PASS" start="2024-06-17T09:06:14.378197" elapsed="0.116852"/>
</kw>
<kw name="Get Title" owner="Browser">
<msg time="2024-06-17T09:06:14.674704" level="INFO">Title: 'Correios'</msg>
<arg>equal</arg>
<arg>Correios</arg>
<tag>Assertion</tag>
<tag>Getter</tag>
<tag>PageContent</tag>
<doc>Returns the title of the current page.</doc>
<status status="PASS" start="2024-06-17T09:06:14.659076" elapsed="0.015628"/>
</kw>
<kw name="Sleep" owner="BuiltIn">
<msg time="2024-06-17T09:06:17.733887" level="INFO">Slept 3 seconds.</msg>
<arg>3</arg>
<doc>Pauses the test executed for the given time.</doc>
<status status="PASS" start="2024-06-17T09:06:14.728083" elapsed="3.181092"/>
</kw>
<status status="PASS" start="2024-06-17T09:06:05.036526" elapsed="13.087123"/>
</test>
<test id="s1-t2" name="Caso de teste 2 - Calcular o frete com as informações válidas" line="20">
<kw name="New Browser" owner="Browser">
<msg time="2024-06-17T09:06:19.344114" level="INFO">Switching browser to browser=4de5ccf2-ae13-4c6e-84ab-481758fc0b34</msg>
<msg time="2024-06-17T09:06:19.348630" level="INFO">Successfully changed active browser: browser=4de5ccf2-ae13-4c6e-84ab-481758fc0b34</msg>
<msg time="2024-06-17T09:06:19.348630" level="INFO">Reusing existing browser with id: browser=4de5ccf2-ae13-4c6e-84ab-481758fc0b34</msg>
<arg>browser=chromium</arg>
<arg>headless=false</arg>
<tag>BrowserControl</tag>
<tag>Setter</tag>
<doc>Create a new playwright Browser with specified options.</doc>
<status status="PASS" start="2024-06-17T09:06:19.342528" elapsed="0.006102"/>
</kw>
<kw name="New Page" owner="Browser">
<msg time="2024-06-17T09:06:27.835321" level="INFO">Successfully initialized new page object and opened url: https://www.correios.com.br/</msg>
<msg time="2024-06-17T09:06:27.835321" level="INFO">No context was open. New context was automatically opened when this page is created.</msg>
<arg>https://www.correios.com.br/</arg>
<tag>BrowserControl</tag>
<tag>Setter</tag>
<doc>Open a new Page.</doc>
<status status="PASS" start="2024-06-17T09:06:19.351221" elapsed="8.484100"/>
</kw>
<kw name="Wait For Elements State" owner="Browser">
<msg time="2024-06-17T09:06:28.193931" level="INFO">Waited for Element with selector xpath=//h1 at state visible</msg>
<arg>xpath=//h1</arg>
<arg>visible</arg>
<arg>3</arg>
<tag>PageContent</tag>
<tag>Wait</tag>
<doc>Waits for the element found by ``selector`` to satisfy state option.</doc>
<status status="PASS" start="2024-06-17T09:06:28.116893" elapsed="0.077038"/>
</kw>
<kw name="Get Title" owner="Browser">
<msg time="2024-06-17T09:06:28.866461" level="INFO">Title: 'Correios'</msg>
<arg>equal</arg>
<arg>Correios</arg>
<tag>Assertion</tag>
<tag>Getter</tag>
<tag>PageContent</tag>
<doc>Returns the title of the current page.</doc>
<status status="PASS" start="2024-06-17T09:06:28.534986" elapsed="0.331475"/>
</kw>
<kw name="Fill Text" owner="Browser">
<msg time="2024-06-17T09:06:28.866461" level="INFO">Fills the text '07903170' in the given field.</msg>
<arg>id=origem</arg>
<arg>07903170</arg>
<tag>PageContent</tag>
<tag>Setter</tag>
<doc>Clears and fills the given ``txt`` into the text field found by ``selector``.</doc>
<status status="PASS" start="2024-06-17T09:06:28.866461" elapsed="0.393946"/>
</kw>
<kw name="Fill Text" owner="Browser">
<msg time="2024-06-17T09:06:29.276039" level="INFO">Fills the text '05160030' in the given field.</msg>
<arg>id=destino</arg>
<arg>05160030</arg>
<tag>PageContent</tag>
<tag>Setter</tag>
<doc>Clears and fills the given ``txt`` into the text field found by ``selector``.</doc>
<status status="PASS" start="2024-06-17T09:06:29.276039" elapsed="0.537119"/>
</kw>
<kw name="Fill Text" owner="Browser">
<msg time="2024-06-17T09:06:29.813158" level="INFO">Fills the text '3' in the given field.</msg>
<arg>id=altura</arg>
<arg>3</arg>
<tag>PageContent</tag>
<tag>Setter</tag>
<doc>Clears and fills the given ``txt`` into the text field found by ``selector``.</doc>
<status status="PASS" start="2024-06-17T09:06:29.813158" elapsed="0.483650"/>
</kw>
<kw name="Fill Text" owner="Browser">
<msg time="2024-06-17T09:06:30.313341" level="INFO">Fills the text '10' in the given field.</msg>
<arg>id=largura</arg>
<arg>10</arg>
<tag>PageContent</tag>
<tag>Setter</tag>
<doc>Clears and fills the given ``txt`` into the text field found by ``selector``.</doc>
<status status="PASS" start="2024-06-17T09:06:30.313341" elapsed="0.162977"/>
</kw>
<kw name="Fill Text" owner="Browser">
<msg time="2024-06-17T09:06:30.621576" level="INFO">Fills the text '15' in the given field.</msg>
<arg>id=comprimento</arg>
<arg>15</arg>
<tag>PageContent</tag>
<tag>Setter</tag>
<doc>Clears and fills the given ``txt`` into the text field found by ``selector``.</doc>
<status status="PASS" start="2024-06-17T09:06:30.613702" elapsed="0.130456"/>
</kw>
<kw name="Click" owner="Browser">
<msg time="2024-06-17T09:06:31.062036" level="INFO">Clicks the element 'xpath=//*[@data-botao-simular='simular']'.</msg>
<arg>xpath=//*[@data-botao-simular='simular']</arg>
<tag>PageContent</tag>
<tag>Setter</tag>
<doc>Simulates mouse click on the element found by ``selector``.</doc>
<status status="PASS" start="2024-06-17T09:06:31.044882" elapsed="0.258951"/>
</kw>
<kw name="Wait For Elements State" owner="Browser">
<msg time="2024-06-17T09:06:32.368205" level="INFO">Waited for Element with selector xpath=//*[@data-mensagem-revisao-preco='mensagemRevisaoPreco'] at state visible</msg>
<arg>xpath=//*[@data-mensagem-revisao-preco='mensagemRevisaoPreco']</arg>
<arg>Visible</arg>
<arg>3</arg>
<tag>PageContent</tag>
<tag>Wait</tag>
<doc>Waits for the element found by ``selector`` to satisfy state option.</doc>
<status status="PASS" start="2024-06-17T09:06:31.476023" elapsed="0.892182"/>
</kw>
<kw name="Get Text" owner="Browser">
<msg time="2024-06-17T09:06:32.563148" level="INFO">Text: '*Valores sujeitos a revisão após verificação das dimensões na agência\n\n*Devido às intensas chuvas dos últimos dias no estado do Rio Grande do Sul, informamos que alguns serviços na região estão temporariamente suspensos ou enfrentando atrasos.'</msg>
<arg>xpath=//*[@data-mensagem-revisao-preco='mensagemRevisaoPreco']</arg>
<arg>equal</arg>
<arg>*Valores sujeitos a revisão após verificação das dimensões na agência\n\n*Devido às intensas chuvas dos últimos dias no estado do Rio Grande do Sul, informamos que alguns serviços na região estão temporariamente suspensos ou enfrentando atrasos.</arg>
<tag>Assertion</tag>
<tag>Getter</tag>
<tag>PageContent</tag>
<doc>Returns text attribute of the element found by ``selector``.</doc>
<status status="PASS" start="2024-06-17T09:06:32.478520" elapsed="0.084628"/>
</kw>
<kw name="Take Screenshot" owner="Browser">
<msg time="2024-06-17T09:06:33.133646" level="INFO" html="true">&lt;/td&gt;&lt;/tr&gt;&lt;tr&gt;&lt;td colspan="3"&gt;&lt;a href="browser/screenshot/robotframework-browser-screenshot-1.png" target="_blank"&gt;&lt;img src="browser/screenshot/robotframework-browser-screenshot-1.png" width="800px"/&gt;&lt;/a&gt;</msg>
<tag>PageContent</tag>
<doc>Takes a screenshot of the current window or element and saves it to disk.</doc>
<status status="PASS" start="2024-06-17T09:06:32.563148" elapsed="0.580167"/>
</kw>
<status status="PASS" start="2024-06-17T09:06:19.332552" elapsed="13.834792"/>
</test>
<test id="s1-t3" name="Caso de teste 03 - Preencher o campo CEP Origem com caracteres alfabético." line="42">
<kw name="New Browser" owner="Browser">
<msg time="2024-06-17T09:06:33.764022" level="INFO">Switching browser to browser=4de5ccf2-ae13-4c6e-84ab-481758fc0b34</msg>
<msg time="2024-06-17T09:06:33.778297" level="INFO">Successfully changed active browser: browser=4de5ccf2-ae13-4c6e-84ab-481758fc0b34</msg>
<msg time="2024-06-17T09:06:33.782615" level="INFO">Reusing existing browser with id: browser=4de5ccf2-ae13-4c6e-84ab-481758fc0b34</msg>
<arg>browser=chromium</arg>
<arg>headless=false</arg>
<tag>BrowserControl</tag>
<tag>Setter</tag>
<doc>Create a new playwright Browser with specified options.</doc>
<status status="PASS" start="2024-06-17T09:06:33.751278" elapsed="0.031337"/>
</kw>
<kw name="New Page" owner="Browser">
<msg time="2024-06-17T09:06:40.201951" level="INFO">Successfully initialized new page object and opened url: https://www.correios.com.br/</msg>
<msg time="2024-06-17T09:06:40.201951" level="INFO">No context was open. New context was automatically opened when this page is created.</msg>
<arg>https://www.correios.com.br/</arg>
<tag>BrowserControl</tag>
<tag>Setter</tag>
<doc>Open a new Page.</doc>
<status status="PASS" start="2024-06-17T09:06:33.965314" elapsed="6.236637"/>
</kw>
<kw name="Wait For Elements State" owner="Browser">
<msg time="2024-06-17T09:06:40.534370" level="INFO">Waited for Element with selector xpath=//h1 at state visible</msg>
<arg>xpath=//h1</arg>
<arg>visible</arg>
<arg>3</arg>
<tag>PageContent</tag>
<tag>Wait</tag>
<doc>Waits for the element found by ``selector`` to satisfy state option.</doc>
<status status="PASS" start="2024-06-17T09:06:40.201951" elapsed="0.332419"/>
</kw>
<kw name="Get Title" owner="Browser">
<msg time="2024-06-17T09:06:40.542488" level="INFO">Title: 'Correios'</msg>
<arg>equal</arg>
<arg>Correios</arg>
<tag>Assertion</tag>
<tag>Getter</tag>
<tag>PageContent</tag>
<doc>Returns the title of the current page.</doc>
<status status="PASS" start="2024-06-17T09:06:40.534370" elapsed="0.008118"/>
</kw>
<kw name="Fill Text" owner="Browser">
<msg time="2024-06-17T09:06:40.542488" level="INFO">Fills the text 'ssdsds' in the given field.</msg>
<arg>id=origem</arg>
<arg>ssdsds</arg>
<tag>PageContent</tag>
<tag>Setter</tag>
<doc>Clears and fills the given ``txt`` into the text field found by ``selector``.</doc>
<status status="PASS" start="2024-06-17T09:06:40.542488" elapsed="0.572495"/>
</kw>
<kw name="Fill Text" owner="Browser">
<msg time="2024-06-17T09:06:41.114983" level="INFO">Fills the text '05160030' in the given field.</msg>
<arg>id=destino</arg>
<arg>05160030</arg>
<tag>PageContent</tag>
<tag>Setter</tag>
<doc>Clears and fills the given ``txt`` into the text field found by ``selector``.</doc>
<status status="PASS" start="2024-06-17T09:06:41.114983" elapsed="0.544247"/>
</kw>
<kw name="Fill Text" owner="Browser">
<msg time="2024-06-17T09:06:41.659230" level="INFO">Fills the text '3' in the given field.</msg>
<arg>id=altura</arg>
<arg>3</arg>
<tag>PageContent</tag>
<tag>Setter</tag>
<doc>Clears and fills the given ``txt`` into the text field found by ``selector``.</doc>
<status status="PASS" start="2024-06-17T09:06:41.659230" elapsed="0.274476"/>
</kw>
<kw name="Fill Text" owner="Browser">
<msg time="2024-06-17T09:06:41.941705" level="INFO">Fills the text '10' in the given field.</msg>
<arg>id=largura</arg>
<arg>10</arg>
<tag>PageContent</tag>
<tag>Setter</tag>
<doc>Clears and fills the given ``txt`` into the text field found by ``selector``.</doc>
<status status="PASS" start="2024-06-17T09:06:41.941705" elapsed="0.134286"/>
</kw>
<kw name="Fill Text" owner="Browser">
<msg time="2024-06-17T09:06:42.243308" level="INFO">Fills the text '15' in the given field.</msg>
<arg>id=comprimento</arg>
<arg>15</arg>
<tag>PageContent</tag>
<tag>Setter</tag>
<doc>Clears and fills the given ``txt`` into the text field found by ``selector``.</doc>
<status status="PASS" start="2024-06-17T09:06:42.243308" elapsed="0.056972"/>
</kw>
<kw name="Click" owner="Browser">
<msg time="2024-06-17T09:06:42.458797" level="INFO">Clicks the element 'xpath=//*[@data-botao-simular='simular']'.</msg>
<arg>xpath=//*[@data-botao-simular='simular']</arg>
<tag>PageContent</tag>
<tag>Setter</tag>
<doc>Simulates mouse click on the element found by ``selector``.</doc>
<status status="PASS" start="2024-06-17T09:06:42.449989" elapsed="0.239403"/>
</kw>
<kw name="Wait For Elements State" owner="Browser">
<msg time="2024-06-17T09:06:42.711387" level="INFO">Waited for Element with selector xpath=//*[@id="portletwrapper-706c6f6e652e666f6f746572706f72746c6574730a636f6e746578740a2f506c6f6e652f686f6d65706167650a63616c63756c61646f7261"]/section/div/nav/form/div[2]/div[3]/div[1]/p[1] at state visible</msg>
<arg>xpath=//*[@id="portletwrapper-706c6f6e652e666f6f746572706f72746c6574730a636f6e746578740a2f506c6f6e652f686f6d65706167650a63616c63756c61646f7261"]/section/div/nav/form/div[2]/div[3]/div[1]/p[1]</arg>
<arg>Visible</arg>
<arg>5</arg>
<tag>PageContent</tag>
<tag>Wait</tag>
<doc>Waits for the element found by ``selector`` to satisfy state option.</doc>
<status status="PASS" start="2024-06-17T09:06:42.689392" elapsed="0.021995"/>
</kw>
<kw name="Get Text" owner="Browser">
<msg time="2024-06-17T09:06:42.782539" level="INFO">Text: 'Preencha o campo de origem do CEP apenas com números'</msg>
<arg>xpath=//*[@id="portletwrapper-706c6f6e652e666f6f746572706f72746c6574730a636f6e746578740a2f506c6f6e652f686f6d65706167650a63616c63756c61646f7261"]/section/div/nav/form/div[2]/div[3]/div[1]/p[1]</arg>
<arg>equal</arg>
<arg>Preencha o campo de origem do CEP apenas com números</arg>
<tag>Assertion</tag>
<tag>Getter</tag>
<tag>PageContent</tag>
<doc>Returns text attribute of the element found by ``selector``.</doc>
<status status="PASS" start="2024-06-17T09:06:42.711387" elapsed="0.071152"/>
</kw>
<kw name="Take Screenshot" owner="Browser">
<msg time="2024-06-17T09:06:43.225725" level="INFO" html="true">&lt;/td&gt;&lt;/tr&gt;&lt;tr&gt;&lt;td colspan="3"&gt;&lt;a href="browser/screenshot/robotframework-browser-screenshot-2.png" target="_blank"&gt;&lt;img src="browser/screenshot/robotframework-browser-screenshot-2.png" width="800px"/&gt;&lt;/a&gt;</msg>
<tag>PageContent</tag>
<doc>Takes a screenshot of the current window or element and saves it to disk.</doc>
<status status="PASS" start="2024-06-17T09:06:42.940677" elapsed="0.285048"/>
</kw>
<status status="PASS" start="2024-06-17T09:06:33.630104" elapsed="9.692428"/>
</test>
<test id="s1-t4" name="Caso de teste 04 - Preencher o campo CEP Destino com caracteres alfabético." line="63">
<kw name="New Browser" owner="Browser">
<msg time="2024-06-17T09:06:44.091122" level="INFO">Switching browser to browser=4de5ccf2-ae13-4c6e-84ab-481758fc0b34</msg>
<msg time="2024-06-17T09:06:44.095573" level="INFO">Successfully changed active browser: browser=4de5ccf2-ae13-4c6e-84ab-481758fc0b34</msg>
<msg time="2024-06-17T09:06:44.098086" level="INFO">Reusing existing browser with id: browser=4de5ccf2-ae13-4c6e-84ab-481758fc0b34</msg>
<arg>browser=chromium</arg>
<arg>headless=false</arg>
<tag>BrowserControl</tag>
<tag>Setter</tag>
<doc>Create a new playwright Browser with specified options.</doc>
<status status="PASS" start="2024-06-17T09:06:44.081391" elapsed="0.016695"/>
</kw>
<kw name="New Page" owner="Browser">
<msg time="2024-06-17T09:06:48.151000" level="INFO">Successfully initialized new page object and opened url: https://www.correios.com.br/</msg>
<msg time="2024-06-17T09:06:48.151000" level="INFO">No context was open. New context was automatically opened when this page is created.</msg>
<arg>https://www.correios.com.br/</arg>
<tag>BrowserControl</tag>
<tag>Setter</tag>
<doc>Open a new Page.</doc>
<status status="PASS" start="2024-06-17T09:06:44.098086" elapsed="4.052914"/>
</kw>
<kw name="Wait For Elements State" owner="Browser">
<msg time="2024-06-17T09:06:48.534352" level="INFO">Waited for Element with selector xpath=//h1 at state visible</msg>
<arg>xpath=//h1</arg>
<arg>visible</arg>
<arg>3</arg>
<tag>PageContent</tag>
<tag>Wait</tag>
<doc>Waits for the element found by ``selector`` to satisfy state option.</doc>
<status status="PASS" start="2024-06-17T09:06:48.348071" elapsed="0.186281"/>
</kw>
<kw name="Get Title" owner="Browser">
<msg time="2024-06-17T09:06:48.741045" level="INFO">Title: 'Correios'</msg>
<arg>equal</arg>
<arg>Correios</arg>
<tag>Assertion</tag>
<tag>Getter</tag>
<tag>PageContent</tag>
<doc>Returns the title of the current page.</doc>
<status status="PASS" start="2024-06-17T09:06:48.654224" elapsed="0.086821"/>
</kw>
<kw name="Fill Text" owner="Browser">
<msg time="2024-06-17T09:06:48.744558" level="INFO">Fills the text '05160030' in the given field.</msg>
<arg>id=origem</arg>
<arg>05160030</arg>
<tag>PageContent</tag>
<tag>Setter</tag>
<doc>Clears and fills the given ``txt`` into the text field found by ``selector``.</doc>
<status status="PASS" start="2024-06-17T09:06:48.741045" elapsed="0.233482"/>
</kw>
<kw name="Fill Text" owner="Browser">
<msg time="2024-06-17T09:06:48.976539" level="INFO">Fills the text 'sdsds' in the given field.</msg>
<arg>id=destino</arg>
<arg>sdsds</arg>
<tag>PageContent</tag>
<tag>Setter</tag>
<doc>Clears and fills the given ``txt`` into the text field found by ``selector``.</doc>
<status status="PASS" start="2024-06-17T09:06:48.976539" elapsed="0.316838"/>
</kw>
<kw name="Fill Text" owner="Browser">
<msg time="2024-06-17T09:06:49.293377" level="INFO">Fills the text '3' in the given field.</msg>
<arg>id=altura</arg>
<arg>3</arg>
<tag>PageContent</tag>
<tag>Setter</tag>
<doc>Clears and fills the given ``txt`` into the text field found by ``selector``.</doc>
<status status="PASS" start="2024-06-17T09:06:49.293377" elapsed="0.098010"/>
</kw>
<kw name="Fill Text" owner="Browser">
<msg time="2024-06-17T09:06:49.685788" level="INFO">Fills the text '10' in the given field.</msg>
<arg>id=largura</arg>
<arg>10</arg>
<tag>PageContent</tag>
<tag>Setter</tag>
<doc>Clears and fills the given ``txt`` into the text field found by ``selector``.</doc>
<status status="PASS" start="2024-06-17T09:06:49.685788" elapsed="0.071824"/>
</kw>
<kw name="Fill Text" owner="Browser">
<msg time="2024-06-17T09:06:49.760412" level="INFO">Fills the text '15' in the given field.</msg>
<arg>id=comprimento</arg>
<arg>15</arg>
<tag>PageContent</tag>
<tag>Setter</tag>
<doc>Clears and fills the given ``txt`` into the text field found by ``selector``.</doc>
<status status="PASS" start="2024-06-17T09:06:49.757612" elapsed="0.078766"/>
</kw>
<kw name="Click" owner="Browser">
<msg time="2024-06-17T09:06:49.975240" level="INFO">Clicks the element 'xpath=//*[@data-botao-simular='simular']'.</msg>
<arg>xpath=//*[@data-botao-simular='simular']</arg>
<tag>PageContent</tag>
<tag>Setter</tag>
<doc>Simulates mouse click on the element found by ``selector``.</doc>
<status status="PASS" start="2024-06-17T09:06:49.975240" elapsed="0.135539"/>
</kw>
<kw name="Wait For Elements State" owner="Browser">
<msg time="2024-06-17T09:06:50.182376" level="INFO">Waited for Element with selector xpath=//*[@id="portletwrapper-706c6f6e652e666f6f746572706f72746c6574730a636f6e746578740a2f506c6f6e652f686f6d65706167650a63616c63756c61646f7261"]/section/div/nav/form/div[2]/div[3]/div[1]/p[1] at state visible</msg>
<arg>xpath=//*[@id="portletwrapper-706c6f6e652e666f6f746572706f72746c6574730a636f6e746578740a2f506c6f6e652f686f6d65706167650a63616c63756c61646f7261"]/section/div/nav/form/div[2]/div[3]/div[1]/p[1]</arg>
<arg>Visible</arg>
<arg>5</arg>
<tag>PageContent</tag>
<tag>Wait</tag>
<doc>Waits for the element found by ``selector`` to satisfy state option.</doc>
<status status="PASS" start="2024-06-17T09:06:50.149101" elapsed="0.033275"/>
</kw>
<kw name="Get Text" owner="Browser">
<msg time="2024-06-17T09:06:50.267200" level="INFO">Text: 'Preencha o campo de destino do CEP apenas com números'</msg>
<arg>xpath=//*[@id="portletwrapper-706c6f6e652e666f6f746572706f72746c6574730a636f6e746578740a2f506c6f6e652f686f6d65706167650a63616c63756c61646f7261"]/section/div/nav/form/div[2]/div[3]/div[1]/p[1]</arg>
<arg>equal</arg>
<arg>Preencha o campo de destino do CEP apenas com números</arg>
<tag>Assertion</tag>
<tag>Getter</tag>
<tag>PageContent</tag>
<doc>Returns text attribute of the element found by ``selector``.</doc>
<status status="PASS" start="2024-06-17T09:06:50.182376" elapsed="0.084824"/>
</kw>
<kw name="Take Screenshot" owner="Browser">
<msg time="2024-06-17T09:06:50.629825" level="INFO" html="true">&lt;/td&gt;&lt;/tr&gt;&lt;tr&gt;&lt;td colspan="3"&gt;&lt;a href="browser/screenshot/robotframework-browser-screenshot-3.png" target="_blank"&gt;&lt;img src="browser/screenshot/robotframework-browser-screenshot-3.png" width="800px"/&gt;&lt;/a&gt;</msg>
<tag>PageContent</tag>
<doc>Takes a screenshot of the current window or element and saves it to disk.</doc>
<status status="PASS" start="2024-06-17T09:06:50.353899" elapsed="0.275926"/>
</kw>
<status status="PASS" start="2024-06-17T09:06:43.966167" elapsed="6.760182"/>
</test>
<doc>Cenários de testes para calcular o frete</doc>
<status status="PASS" start="2024-06-17T09:06:01.799839" elapsed="49.283032"/>
</suite>
<statistics>
<total>
<stat pass="4" fail="0" skip="0">All Tests</stat>
</total>
<tag>
</tag>
<suite>
<stat pass="4" fail="0" skip="0" id="s1" name="Calcular Frete">Calcular Frete</stat>
</suite>
</statistics>
<errors>
</errors>
</robot>
